<?xml version="1.0" encoding="UTF-8"?>
<!-- Generated by org.testng.reporters.JUnitReportReporter -->
<testsuite hostname="DESKTOP-RVTGE37" name="Groups.GroupsDemo" tests="4" failures="0" timestamp="31 Dec 2019 12:52:09 GMT" time="0.077" errors="0">
  <testcase name="Test1" time="0.071" classname="Groups.GroupsDemo"/>
  <testcase name="Test2" time="0.001" classname="Groups.GroupsDemo"/>
  <testcase name="Test3" time="0.003" classname="Groups.GroupsDemo"/>
  <testcase name="Test4" time="0.002" classname="Groups.GroupsDemo"/>
</testsuite> <!-- Groups.GroupsDemo -->
