<?xml version="1.0" encoding="UTF-8"?>
<!-- Generated by org.testng.reporters.JUnitReportReporter -->
<testsuite hostname="RACD-002157" name="SeleniumExceptionHandling.NoSuchElement" tests="1" failures="0" timestamp="8 Jul 2019 10:41:23 GMT" time="200.107" errors="0">
  <testcase name="NoSuchElementHandleTest" time="200.107" classname="SeleniumExceptionHandling.NoSuchElement"/>
</testsuite> <!-- SeleniumExceptionHandling.NoSuchElement -->
