<?xml version="1.0" encoding="UTF-8"?>
<!-- Generated by org.testng.reporters.JUnitReportReporter -->
<testsuite hostname="DESKTOP-RVTGE37" name="Groups.GroupsDemo" tests="3" failures="0" timestamp="31 Dec 2019 13:03:44 GMT" time="0.029" errors="0">
  <testcase name="Test4" time="0.001" classname="Groups.GroupsDemo"/>
  <testcase name="Test5" time="0.003" classname="Groups.GroupsDemo"/>
  <testcase name="Test1" time="0.025" classname="Groups.GroupsDemo"/>
</testsuite> <!-- Groups.GroupsDemo -->
