<?xml version="1.0" encoding="UTF-8"?>
<!-- Generated by org.testng.reporters.JUnitReportReporter -->
<testsuite hostname="RACD-002157" name="TestClass.DateClick" tests="1" failures="0" timestamp="6 Jun 2019 06:37:16 GMT" time="0.944" errors="0">
  <testcase name="ClickOnDate" time="0.944" classname="TestClass.DateClick"/>
</testsuite> <!-- TestClass.DateClick -->
