<?xml version="1.0" encoding="UTF-8"?>
<!-- Generated by org.testng.reporters.JUnitReportReporter -->
<testsuite hostname="DESKTOP-RVTGE37" name="Groups.IncludeTest" tests="1" failures="0" timestamp="31 Dec 2019 13:28:50 GMT" time="0.033" errors="0">
  <testcase name="insert" time="0.033" classname="Groups.IncludeTest"/>
</testsuite> <!-- Groups.IncludeTest -->
