<?xml version="1.0" encoding="UTF-8"?>
<!-- Generated by org.testng.reporters.JUnitReportReporter -->
<testsuite hostname="RACD-002157" name="TestPage.NoSuchElementInPage" tests="1" failures="0" timestamp="8 Jul 2019 11:44:32 GMT" time="23.237" errors="0">
  <testcase name="StaleElementReferenceExceptionTest" time="23.237" classname="TestPage.NoSuchElementInPage"/>
</testsuite> <!-- TestPage.NoSuchElementInPage -->
