<?xml version="1.0" encoding="UTF-8"?>
<!-- Generated by org.testng.reporters.JUnitReportReporter -->
<testsuite hostname="DESKTOP-RVTGE37" name="Groups.TestNGDependencyOnGroupsExample" tests="6" failures="0" timestamp="31 Dec 2019 13:12:36 GMT" time="0.042" errors="0">
  <testcase name="update" time="0.003" classname="Groups.TestNGDependencyOnGroupsExample"/>
  <testcase name="init" time="0.024" classname="Groups.TestNGDependencyOnGroupsExample"/>
  <testcase name="cleanup" time="0.002" classname="Groups.TestNGDependencyOnGroupsExample"/>
  <testcase name="insert" time="0.002" classname="Groups.TestNGDependencyOnGroupsExample"/>
  <testcase name="select" time="0.004" classname="Groups.TestNGDependencyOnGroupsExample"/>
  <testcase name="delete" time="0.007" classname="Groups.TestNGDependencyOnGroupsExample"/>
</testsuite> <!-- Groups.TestNGDependencyOnGroupsExample -->
