<?xml version="1.0" encoding="UTF-8"?>
<!-- Generated by org.testng.reporters.JUnitReportReporter -->
<testsuite hostname="DESKTOP-RVTGE37" name="Groups.TestNGDependencyExample" tests="4" failures="0" timestamp="31 Dec 2019 13:08:22 GMT" time="0.029" errors="0">
  <testcase name="insert" time="0.024" classname="Groups.TestNGDependencyExample"/>
  <testcase name="select" time="0.001" classname="Groups.TestNGDependencyExample"/>
  <testcase name="update" time="0.001" classname="Groups.TestNGDependencyExample"/>
  <testcase name="delete" time="0.003" classname="Groups.TestNGDependencyExample"/>
</testsuite> <!-- Groups.TestNGDependencyExample -->
