<?xml version="1.0" encoding="UTF-8"?>
<!-- Generated by org.testng.reporters.JUnitReportReporter -->
<testsuite hostname="RACD-002157" name="TestClass.CrossBrowserTest_FlightTicketsSearch" tests="1" failures="0" timestamp="7 Jun 2019 07:28:29 GMT" time="0.039" errors="0">
  <testcase name="SearchTickets" time="0.039" classname="TestClass.CrossBrowserTest_FlightTicketsSearch"/>
</testsuite> <!-- TestClass.CrossBrowserTest_FlightTicketsSearch -->
